<?xml version="1.0" encoding="UTF-8"?>
<!-- Generated by org.testng.reporters.JUnitReportReporter -->
<testsuite hostname="DESKTOP-FRV6B16" failures="0" tests="4" name="demo.Demo5Test" time="0.089" errors="0" timestamp="2023-02-05T14:03:12 IST" skipped="0">
  <testcase classname="demo.Demo5Test" name="dsample3Test" time="0.028"/>
  <system-out>
    <![CDATA[Demo5-Sample3]]>
  </system-out>
  <testcase classname="demo.Demo5Test" name="sample1Test" time="0.014"/>
  <system-out>
    <![CDATA[Demo5-Sample1]]>
  </system-out>
  <testcase classname="demo.Demo5Test" name="sample4Test" time="0.033"/>
  <system-out>
    <![CDATA[Demo5-Sample4]]>
  </system-out>
  <testcase classname="demo.Demo5Test" name="sample2Test" time="0.014"/>
  <system-out>
    <![CDATA[Demo5-Sample2]]>
  </system-out>
</testsuite> <!-- demo.Demo5Test -->
