<?xml version="1.0" encoding="UTF-8"?>
<!-- Generated by org.testng.reporters.JUnitReportReporter -->
<testsuite hostname="DESKTOP-FRV6B16" failures="0" tests="4" name="demo.Demo4Test" time="0.101" errors="0" timestamp="2023-02-05T14:03:13 IST" skipped="0">
  <testcase classname="demo.Demo4Test" name="sample4Test" time="0.015"/>
  <system-out>
    <![CDATA[Demo4-Sample4-RegionalRegression]]>
  </system-out>
  <testcase classname="demo.Demo4Test" name="dsample3Test" time="0.019"/>
  <system-out>
    <![CDATA[Demo4-Sample3-NoSmoke-NoRegression]]>
  </system-out>
  <testcase classname="demo.Demo4Test" name="sample2Test" time="0.043"/>
  <system-out>
    <![CDATA[Demo4-Sample2-Regression]]>
  </system-out>
  <testcase classname="demo.Demo4Test" name="sample1Test" time="0.024"/>
  <system-out>
    <![CDATA[Demo4-Sample1-Smoke]]>
  </system-out>
</testsuite> <!-- demo.Demo4Test -->
