<?xml version="1.0" encoding="UTF-8"?>
<!-- Generated by org.testng.reporters.JUnitReportReporter -->
<testsuite hostname="DESKTOP-FRV6B16" failures="0" tests="4" name="demo.Demo2Test" time="0.139" errors="0" timestamp="2023-02-05T14:03:13 IST" skipped="0">
  <testcase classname="demo.Demo2Test" name="dsample3Test" time="0.034"/>
  <system-out>
    <![CDATA[Demo2-Sample3-NoSmoke-NoRegression]]>
  </system-out>
  <testcase classname="demo.Demo2Test" name="sample4Test" time="0.016"/>
  <system-out>
    <![CDATA[Demo2-Sample4-RegionalRegression]]>
  </system-out>
  <testcase classname="demo.Demo2Test" name="sample2Test" time="0.074"/>
  <system-out>
    <![CDATA[Demo2-Sample2-Regression]]>
  </system-out>
  <testcase classname="demo.Demo2Test" name="sample1Test" time="0.015"/>
  <system-out>
    <![CDATA[Demo2-Sample1-Smoke]]>
  </system-out>
</testsuite> <!-- demo.Demo2Test -->
