<?xml version="1.0" encoding="UTF-8"?>
<!-- Generated by org.testng.reporters.JUnitReportReporter -->
<testsuite hostname="DESKTOP-FRV6B16" failures="0" tests="4" name="demo.Demo1Test" time="0.118" errors="0" timestamp="2023-02-05T14:03:13 IST" skipped="0">
  <testcase classname="demo.Demo1Test" name="sample1Test" time="0.007"/>
  <system-out>
    <![CDATA[Demo1-Sample1-Smoke]]>
  </system-out>
  <testcase classname="demo.Demo1Test" name="sample4Test" time="0.008"/>
  <system-out>
    <![CDATA[Demo1-Sample4-RegionalRegression]]>
  </system-out>
  <testcase classname="demo.Demo1Test" name="dsample3Test" time="0.099"/>
  <system-out>
    <![CDATA[Demo1-Sample3-NoSmoke-NoRegression]]>
  </system-out>
  <testcase classname="demo.Demo1Test" name="sample2Test" time="0.004"/>
  <system-out>
    <![CDATA[Demo1-Sample2-Regression]]>
  </system-out>
</testsuite> <!-- demo.Demo1Test -->
