<?xml version="1.0" encoding="UTF-8"?>
<!-- Generated by org.testng.reporters.JUnitReportReporter -->
<testsuite hostname="DESKTOP-FRV6B16" failures="0" tests="4" name="demo.Demo3Test" time="0.055" errors="0" timestamp="2023-02-05T14:03:13 IST" skipped="0">
  <testcase classname="demo.Demo3Test" name="sample4Test" time="0.015"/>
  <system-out>
    <![CDATA[Demo3-Sample4-RegionalRegression]]>
  </system-out>
  <testcase classname="demo.Demo3Test" name="dsample3Test" time="0.015"/>
  <system-out>
    <![CDATA[Demo3-Sample3-NoSmoke-NoRegression]]>
  </system-out>
  <testcase classname="demo.Demo3Test" name="sample2Test" time="0.010"/>
  <system-out>
    <![CDATA[Demo3-Sample2-Regression]]>
  </system-out>
  <testcase classname="demo.Demo3Test" name="sample1Test" time="0.015"/>
  <system-out>
    <![CDATA[Demo3-Sample1-Smoke]]>
  </system-out>
</testsuite> <!-- demo.Demo3Test -->
